0 info it worked if it ends with ok
1 verbose cli [ '/usr/bin/nodejs',
1 verbose cli   '/usr/bin/npm',
1 verbose cli   'install',
1 verbose cli   '-g',
1 verbose cli   'github-webhook-handler',
1 verbose cli   '--registry=http://r.cnpmjs.org' ]
2 info using npm@1.3.10
3 info using node@v0.10.25
4 verbose cache add [ 'github-webhook-handler', null ]
5 verbose cache add name=undefined spec="github-webhook-handler" args=["github-webhook-handler",null]
6 verbose parsed url { protocol: null,
6 verbose parsed url   slashes: null,
6 verbose parsed url   auth: null,
6 verbose parsed url   host: null,
6 verbose parsed url   port: null,
6 verbose parsed url   hostname: null,
6 verbose parsed url   hash: null,
6 verbose parsed url   search: null,
6 verbose parsed url   query: null,
6 verbose parsed url   pathname: 'github-webhook-handler',
6 verbose parsed url   path: 'github-webhook-handler',
6 verbose parsed url   href: 'github-webhook-handler' }
7 silly lockFile 8dd3fe07-github-webhook-handler github-webhook-handler
8 verbose lock github-webhook-handler /home/ubuntu/.npm/8dd3fe07-github-webhook-handler.lock
9 silly lockFile 8dd3fe07-github-webhook-handler github-webhook-handler
10 silly lockFile 8dd3fe07-github-webhook-handler github-webhook-handler
11 verbose addNamed [ 'github-webhook-handler', '' ]
12 verbose addNamed [ null, '*' ]
13 silly lockFile 2eaa5fe3-github-webhook-handler github-webhook-handler@
14 verbose lock github-webhook-handler@ /home/ubuntu/.npm/2eaa5fe3-github-webhook-handler.lock
15 silly addNameRange { name: 'github-webhook-handler', range: '*', hasData: false }
16 verbose url raw github-webhook-handler
17 verbose url resolving [ 'http://r.cnpmjs.org/', './github-webhook-handler' ]
18 verbose url resolved http://r.cnpmjs.org/github-webhook-handler
19 info trying registry request attempt 1 at 18:19:54
20 verbose etag "1IC1S1JMTG9C8OECSPMKZJRVX"
21 http GET http://r.cnpmjs.org/github-webhook-handler
22 http 200 http://r.cnpmjs.org/github-webhook-handler
23 silly registry.get cb [ 200,
23 silly registry.get   { server: 'nginx/1.4.6 (Ubuntu)',
23 silly registry.get     date: 'Mon, 18 Jan 2016 10:19:55 GMT',
23 silly registry.get     'content-type': 'application/json; charset=utf-8',
23 silly registry.get     'content-length': '16610',
23 silly registry.get     connection: 'keep-alive',
23 silly registry.get     etag: '"40e2-VAA4oeF+cdzvanlMWwCrmQ"',
23 silly registry.get     'x-readtime': '14' } ]
24 silly addNameRange number 2 { name: 'github-webhook-handler', range: '*', hasData: true }
25 silly addNameRange versions [ 'github-webhook-handler',
25 silly addNameRange   [ '0.5.0',
25 silly addNameRange     '0.4.0',
25 silly addNameRange     '0.3.4',
25 silly addNameRange     '0.3.3',
25 silly addNameRange     '0.3.2',
25 silly addNameRange     '0.3.1',
25 silly addNameRange     '0.3.0',
25 silly addNameRange     '0.2.1',
25 silly addNameRange     '0.2.0',
25 silly addNameRange     '0.1.0',
25 silly addNameRange     '0.0.0' ] ]
26 verbose addNamed [ 'github-webhook-handler', '0.5.0' ]
27 verbose addNamed [ '0.5.0', '0.5.0' ]
28 silly lockFile b54070b9-github-webhook-handler-0-5-0 github-webhook-handler@0.5.0
29 verbose lock github-webhook-handler@0.5.0 /home/ubuntu/.npm/b54070b9-github-webhook-handler-0-5-0.lock
30 silly lockFile 6d385d68-github-webhook-handler-0-5-0-tgz http://r.cnpmjs.org/github-webhook-handler/download/github-webhook-handler-0.5.0.tgz
31 verbose lock http://r.cnpmjs.org/github-webhook-handler/download/github-webhook-handler-0.5.0.tgz /home/ubuntu/.npm/6d385d68-github-webhook-handler-0-5-0-tgz.lock
32 verbose addRemoteTarball [ 'http://r.cnpmjs.org/github-webhook-handler/download/github-webhook-handler-0.5.0.tgz',
32 verbose addRemoteTarball   'c1fe95392ed49ca2f06864fbacaacfea3f8dd035' ]
33 silly lockFile 6d385d68-github-webhook-handler-0-5-0-tgz http://r.cnpmjs.org/github-webhook-handler/download/github-webhook-handler-0.5.0.tgz
34 silly lockFile 6d385d68-github-webhook-handler-0-5-0-tgz http://r.cnpmjs.org/github-webhook-handler/download/github-webhook-handler-0.5.0.tgz
35 silly lockFile b54070b9-github-webhook-handler-0-5-0 github-webhook-handler@0.5.0
36 silly lockFile b54070b9-github-webhook-handler-0-5-0 github-webhook-handler@0.5.0
37 silly lockFile 2eaa5fe3-github-webhook-handler github-webhook-handler@
38 silly lockFile 2eaa5fe3-github-webhook-handler github-webhook-handler@
39 error Error: EACCES, mkdir '/home/ubuntu/tmp/npm-3399-MnSFtOQ-'
39 error  { [Error: EACCES, mkdir '/home/ubuntu/tmp/npm-3399-MnSFtOQ-']
39 error   errno: 3,
39 error   code: 'EACCES',
39 error   path: '/home/ubuntu/tmp/npm-3399-MnSFtOQ-' }
40 error Please try running this command again as root/Administrator.
41 error System Linux 3.13.0-24-generic
42 error command "/usr/bin/nodejs" "/usr/bin/npm" "install" "-g" "github-webhook-handler" "--registry=http://r.cnpmjs.org"
43 error cwd /home/uikit
44 error node -v v0.10.25
45 error npm -v 1.3.10
46 error path /home/ubuntu/tmp/npm-3399-MnSFtOQ-
47 error code EACCES
48 error errno 3
49 error stack Error: EACCES, mkdir '/home/ubuntu/tmp/npm-3399-MnSFtOQ-'
50 verbose exit [ 3, true ]
